Arguments: 
  /Users/camillamurgia/.nvm/versions/node/v14.15.0/bin/node /Users/camillamurgia/.nvm/versions/node/v14.15.0/bin/yarn init

PATH: 
  /Users/camillamurgia/.nvm/versions/node/v14.15.0/bin:/usr/local/bin:/usr/bin:/bin:/usr/sbin:/sbin

Yarn version: 
  1.22.10

Node version: 
  14.15.0

Platform: 
  darwin x64

Trace: 
  Error: canceled
      at Interface.<anonymous> (/Users/camillamurgia/.nvm/versions/node/v14.15.0/lib/node_modules/yarn/lib/cli.js:136216:13)
      at Interface.emit (events.js:315:20)
      at Interface._ttyWrite (readline.js:875:16)
      at ReadStream.onkeypress (readline.js:213:10)
      at ReadStream.emit (events.js:315:20)
      at emitKeys (internal/readline/utils.js:345:14)
      at emitKeys.next (<anonymous>)
      at ReadStream.onData (readline.js:1144:36)
      at ReadStream.emit (events.js:315:20)
      at addChunk (_stream_readable.js:309:12)

npm manifest: 
  {
    "name": "understanding-typescript",
    "version": "1.0.0",
    "description": "Understanding TypeScript Course Setup",
    "main": "app.js",
    "scripts": {
      "test": "echo \"Error: no test specified\" && exit 1",
      "start": "lite-server"
    },
    "keywords": [
      "typescript",
      "course"
    ],
    "author": "Maximilian Schwarzmüller",
    "license": "ISC",
    "devDependencies": {
      "lite-server": "^2.5.4"
    }
  }

yarn manifest: 
  No manifest

Lockfile: 
  No lockfile
